<?xml version="1.0" encoding="UTF-8"?>
<testng-results skipped="0" failed="0" total="0" passed="0">
  <reporter-output>
  </reporter-output>
  <suite name="com.sonal.testframework.DataDrivenFramework.AppTest" duration-ms="4" started-at="2017-07-19T03:09:57Z" finished-at="2017-07-19T03:09:57Z">
    <groups>
    </groups>
    <test name="Command line test" duration-ms="4" started-at="2017-07-19T03:09:57Z" finished-at="2017-07-19T03:09:57Z">
    </test> <!-- Command line test -->
  </suite> <!-- com.sonal.testframework.DataDrivenFramework.AppTest -->
</testng-results>
